[28-Oct-2025 12:35:48 Europe/Kyiv] PHP Fatal error:  Uncaught Error: Call to undefined method Auth::isAdmin() in /var/www/www-root/data/www/moi-band.com.ua/admin/album_add.php:22
Stack trace:
#0 {main}
  thrown in /var/www/www-root/data/www/moi-band.com.ua/admin/album_add.php on line 22
[28-Oct-2025 12:35:52 Europe/Kyiv] PHP Fatal error:  Uncaught Error: Call to undefined method Auth::isAdmin() in /var/www/www-root/data/www/moi-band.com.ua/admin/album_add.php:22
Stack trace:
#0 {main}
  thrown in /var/www/www-root/data/www/moi-band.com.ua/admin/album_add.php on line 22
[28-Oct-2025 12:35:52 Europe/Kyiv] PHP Fatal error:  Uncaught Error: Call to undefined method Auth::isAdmin() in /var/www/www-root/data/www/moi-band.com.ua/admin/album_add.php:22
Stack trace:
#0 {main}
  thrown in /var/www/www-root/data/www/moi-band.com.ua/admin/album_add.php on line 22
[28-Oct-2025 12:35:52 Europe/Kyiv] PHP Fatal error:  Uncaught Error: Call to undefined method Auth::isAdmin() in /var/www/www-root/data/www/moi-band.com.ua/admin/album_add.php:22
Stack trace:
#0 {main}
  thrown in /var/www/www-root/data/www/moi-band.com.ua/admin/album_add.php on line 22
[28-Oct-2025 12:36:12 Europe/Kyiv] PHP Fatal error:  Uncaught Error: Call to undefined method Auth::isAdmin() in /var/www/www-root/data/www/moi-band.com.ua/admin/album_add.php:22
Stack trace:
#0 {main}
  thrown in /var/www/www-root/data/www/moi-band.com.ua/admin/album_add.php on line 22
[01-Nov-2025 17:43:32 Europe/Kyiv] ✅ ffprobe: длительность = 218 сек
[01-Nov-2025 17:43:32 Europe/Kyiv] ⏱️ Длительность трека #105: 3:38
[01-Nov-2025 17:44:47 Europe/Kyiv] ✅ ffprobe: длительность = 228 сек
[01-Nov-2025 17:44:47 Europe/Kyiv] ⏱️ Длительность трека #106: 3:48
[01-Nov-2025 17:45:15 Europe/Kyiv] ✅ ffprobe: длительность = 227 сек
[01-Nov-2025 17:45:15 Europe/Kyiv] ⏱️ Длительность трека #107: 3:47
[01-Nov-2025 17:46:06 Europe/Kyiv] ✅ ffprobe: длительность = 253 сек
[01-Nov-2025 17:46:06 Europe/Kyiv] ⏱️ Длительность трека #108: 4:13
[01-Nov-2025 17:47:12 Europe/Kyiv] ✅ ffprobe: длительность = 245 сек
[01-Nov-2025 17:47:12 Europe/Kyiv] ⏱️ Длительность трека #109: 4:05
[01-Nov-2025 17:47:39 Europe/Kyiv] ✅ ffprobe: длительность = 181 сек
[01-Nov-2025 17:47:39 Europe/Kyiv] ⏱️ Длительность трека #110: 3:01
[01-Nov-2025 17:48:14 Europe/Kyiv] ✅ ffprobe: длительность = 247 сек
[01-Nov-2025 17:48:14 Europe/Kyiv] ⏱️ Длительность трека #111: 4:07
[01-Nov-2025 17:48:45 Europe/Kyiv] ✅ ffprobe: длительность = 288 сек
[01-Nov-2025 17:48:45 Europe/Kyiv] ⏱️ Длительность трека #112: 4:48
[01-Nov-2025 17:49:26 Europe/Kyiv] ✅ ffprobe: длительность = 224 сек
[01-Nov-2025 17:49:26 Europe/Kyiv] ⏱️ Длительность трека #113: 3:44
[01-Nov-2025 17:49:59 Europe/Kyiv] ✅ ffprobe: длительность = 188 сек
[01-Nov-2025 17:49:59 Europe/Kyiv] ⏱️ Длительность трека #114: 3:08
[01-Nov-2025 17:50:26 Europe/Kyiv] ✅ ffprobe: длительность = 258 сек
[01-Nov-2025 17:50:26 Europe/Kyiv] ⏱️ Длительность трека #115: 4:18
[01-Nov-2025 17:51:05 Europe/Kyiv] ✅ ffprobe: длительность = 208 сек
[01-Nov-2025 17:51:06 Europe/Kyiv] ⏱️ Длительность трека #116: 3:28
[01-Nov-2025 17:51:29 Europe/Kyiv] ✅ ffprobe: длительность = 248 сек
[01-Nov-2025 17:51:30 Europe/Kyiv] ⏱️ Длительность трека #117: 4:08
[01-Nov-2025 17:51:56 Europe/Kyiv] ✅ ffprobe: длительность = 228 сек
[01-Nov-2025 17:51:56 Europe/Kyiv] ⏱️ Длительность трека #118: 3:48
[01-Nov-2025 17:52:30 Europe/Kyiv] ✅ ffprobe: длительность = 254 сек
[01-Nov-2025 17:52:30 Europe/Kyiv] ⏱️ Длительность трека #122: 4:14
[01-Nov-2025 18:01:19 Europe/Kyiv] ✅ ffprobe: длительность = 299 сек
[01-Nov-2025 18:01:19 Europe/Kyiv] ⏱️ Длительность трека #124: 4:59
[01-Nov-2025 18:02:08 Europe/Kyiv] ✅ ffprobe: длительность = 262 сек
[01-Nov-2025 18:02:08 Europe/Kyiv] ⏱️ Длительность трека #125: 4:22
[01-Nov-2025 18:02:50 Europe/Kyiv] ✅ ffprobe: длительность = 238 сек
[01-Nov-2025 18:02:50 Europe/Kyiv] ⏱️ Длительность трека #126: 3:58
[01-Nov-2025 18:03:23 Europe/Kyiv] ✅ ffprobe: длительность = 349 сек
[01-Nov-2025 18:03:23 Europe/Kyiv] ⏱️ Длительность трека #127: 5:49
[01-Nov-2025 18:03:52 Europe/Kyiv] ✅ ffprobe: длительность = 223 сек
[01-Nov-2025 18:03:52 Europe/Kyiv] ⏱️ Длительность трека #128: 3:43
[01-Nov-2025 18:04:20 Europe/Kyiv] ✅ ffprobe: длительность = 345 сек
[01-Nov-2025 18:04:20 Europe/Kyiv] ⏱️ Длительность трека #129: 5:45
[01-Nov-2025 18:04:51 Europe/Kyiv] ✅ ffprobe: длительность = 266 сек
[01-Nov-2025 18:04:51 Europe/Kyiv] ⏱️ Длительность трека #130: 4:26
[01-Nov-2025 18:05:34 Europe/Kyiv] ✅ ffprobe: длительность = 264 сек
[01-Nov-2025 18:05:34 Europe/Kyiv] ⏱️ Длительность трека #131: 4:24
[01-Nov-2025 18:05:45 Europe/Kyiv] ✅ ffprobe: длительность = 266 сек
[01-Nov-2025 18:05:45 Europe/Kyiv] ⏱️ Длительность трека #130: 4:26
[01-Nov-2025 18:06:42 Europe/Kyiv] ✅ ffprobe: длительность = 377 сек
[01-Nov-2025 18:06:42 Europe/Kyiv] ⏱️ Длительность трека #132: 6:17
[01-Nov-2025 18:07:08 Europe/Kyiv] ✅ ffprobe: длительность = 458 сек
[01-Nov-2025 18:07:08 Europe/Kyiv] ⏱️ Длительность трека #133: 7:38
[01-Nov-2025 18:07:33 Europe/Kyiv] ✅ ffprobe: длительность = 371 сек
[01-Nov-2025 18:07:33 Europe/Kyiv] ⏱️ Длительность трека #134: 6:11
[01-Nov-2025 18:08:01 Europe/Kyiv] ✅ ffprobe: длительность = 419 сек
[01-Nov-2025 18:08:01 Europe/Kyiv] ⏱️ Длительность трека #135: 6:59
[01-Nov-2025 18:15:05 Europe/Kyiv] ✅ ffprobe: длительность = 278 сек
[01-Nov-2025 18:15:05 Europe/Kyiv] ⏱️ Длительность трека #141: 4:38
[01-Nov-2025 18:15:26 Europe/Kyiv] ✅ ffprobe: длительность = 153 сек
[01-Nov-2025 18:15:26 Europe/Kyiv] ⏱️ Длительность трека #140: 2:33
[01-Nov-2025 18:16:07 Europe/Kyiv] ✅ ffprobe: длительность = 303 сек
[01-Nov-2025 18:16:07 Europe/Kyiv] ⏱️ Длительность трека #142: 5:03
[01-Nov-2025 18:16:46 Europe/Kyiv] ✅ ffprobe: длительность = 473 сек
[01-Nov-2025 18:16:46 Europe/Kyiv] ⏱️ Длительность трека #143: 7:53
[01-Nov-2025 18:17:22 Europe/Kyiv] ✅ ffprobe: длительность = 359 сек
[01-Nov-2025 18:17:22 Europe/Kyiv] ⏱️ Длительность трека #144: 5:59
[01-Nov-2025 18:17:57 Europe/Kyiv] ✅ ffprobe: длительность = 384 сек
[01-Nov-2025 18:17:58 Europe/Kyiv] ⏱️ Длительность трека #145: 6:24
[01-Nov-2025 18:18:37 Europe/Kyiv] ✅ ffprobe: длительность = 404 сек
[01-Nov-2025 18:18:37 Europe/Kyiv] ⏱️ Длительность трека #146: 6:44
[01-Nov-2025 18:19:08 Europe/Kyiv] ✅ ffprobe: длительность = 428 сек
[01-Nov-2025 18:19:08 Europe/Kyiv] ⏱️ Длительность трека #147: 7:08
[01-Nov-2025 18:19:25 Europe/Kyiv] ✅ ffprobe: длительность = 269 сек
[01-Nov-2025 18:19:25 Europe/Kyiv] ⏱️ Длительность трека #148: 4:29
[01-Nov-2025 18:20:00 Europe/Kyiv] ✅ ffprobe: длительность = 301 сек
[01-Nov-2025 18:20:00 Europe/Kyiv] ⏱️ Длительность трека #149: 5:01
[01-Nov-2025 18:21:08 Europe/Kyiv] ✅ ffprobe: длительность = 344 сек
[01-Nov-2025 18:21:08 Europe/Kyiv] ⏱️ Длительность трека #150: 5:44
[01-Nov-2025 18:21:40 Europe/Kyiv] ✅ ffprobe: длительность = 339 сек
[01-Nov-2025 18:21:40 Europe/Kyiv] ⏱️ Длительность трека #151: 5:39
[01-Nov-2025 18:22:11 Europe/Kyiv] ✅ ffprobe: длительность = 338 сек
[01-Nov-2025 18:22:11 Europe/Kyiv] ⏱️ Длительность трека #152: 5:38
[01-Nov-2025 18:22:53 Europe/Kyiv] ✅ ffprobe: длительность = 376 сек
[01-Nov-2025 18:22:53 Europe/Kyiv] ⏱️ Длительность трека #153: 6:16
[01-Nov-2025 18:23:33 Europe/Kyiv] ✅ ffprobe: длительность = 328 сек
[01-Nov-2025 18:23:33 Europe/Kyiv] ⏱️ Длительность трека #154: 5:28
[01-Nov-2025 18:23:57 Europe/Kyiv] ✅ ffprobe: длительность = 114 сек
[01-Nov-2025 18:23:57 Europe/Kyiv] ⏱️ Длительность трека #155: 1:54
[08-Nov-2025 10:16:55 Europe/Kyiv] ✅ ffprobe: длительность = 314 сек
[08-Nov-2025 10:16:55 Europe/Kyiv] ⏱️ Длительность трека #159: 5:14
[08-Nov-2025 10:17:14 Europe/Kyiv] ✅ ffprobe: длительность = 367 сек
[08-Nov-2025 10:17:14 Europe/Kyiv] ⏱️ Длительность трека #160: 6:07
[08-Nov-2025 10:17:44 Europe/Kyiv] ✅ ffprobe: длительность = 374 сек
[08-Nov-2025 10:17:44 Europe/Kyiv] ⏱️ Длительность трека #161: 6:14
[08-Nov-2025 10:18:01 Europe/Kyiv] ✅ ffprobe: длительность = 329 сек
[08-Nov-2025 10:18:01 Europe/Kyiv] ⏱️ Длительность трека #162: 5:29
[08-Nov-2025 10:18:14 Europe/Kyiv] ✅ ffprobe: длительность = 329 сек
[08-Nov-2025 10:18:14 Europe/Kyiv] ⏱️ Длительность трека #163: 5:29
[08-Nov-2025 10:18:29 Europe/Kyiv] ✅ ffprobe: длительность = 244 сек
[08-Nov-2025 10:18:29 Europe/Kyiv] ⏱️ Длительность трека #164: 4:04
[08-Nov-2025 10:18:51 Europe/Kyiv] ✅ ffprobe: длительность = 394 сек
[08-Nov-2025 10:18:51 Europe/Kyiv] ⏱️ Длительность трека #165: 6:34
[08-Nov-2025 10:19:03 Europe/Kyiv] ✅ ffprobe: длительность = 367 сек
[08-Nov-2025 10:19:03 Europe/Kyiv] ⏱️ Длительность трека #166: 6:07
[08-Nov-2025 10:19:19 Europe/Kyiv] ✅ ffprobe: длительность = 323 сек
[08-Nov-2025 10:19:19 Europe/Kyiv] ⏱️ Длительность трека #167: 5:23
[08-Nov-2025 10:19:31 Europe/Kyiv] ✅ ffprobe: длительность = 288 сек
[08-Nov-2025 10:19:31 Europe/Kyiv] ⏱️ Длительность трека #168: 4:48
[08-Nov-2025 10:19:42 Europe/Kyiv] ✅ ffprobe: длительность = 344 сек
[08-Nov-2025 10:19:42 Europe/Kyiv] ⏱️ Длительность трека #169: 5:44
[08-Nov-2025 11:32:01 Europe/Kyiv] ✅ ffprobe: длительность = 314 сек
[08-Nov-2025 11:32:01 Europe/Kyiv] ⏱️ Длительность трека #159: 5:14
[08-Nov-2025 11:32:28 Europe/Kyiv] ✅ ffprobe: длительность = 367 сек
[08-Nov-2025 11:32:28 Europe/Kyiv] ⏱️ Длительность трека #160: 6:07
[08-Nov-2025 11:32:49 Europe/Kyiv] ✅ ffprobe: длительность = 374 сек
[08-Nov-2025 11:32:49 Europe/Kyiv] ⏱️ Длительность трека #161: 6:14
[08-Nov-2025 11:33:12 Europe/Kyiv] ✅ ffprobe: длительность = 329 сек
[08-Nov-2025 11:33:12 Europe/Kyiv] ⏱️ Длительность трека #162: 5:29
[08-Nov-2025 11:33:32 Europe/Kyiv] ✅ ffprobe: длительность = 329 сек
[08-Nov-2025 11:33:32 Europe/Kyiv] ⏱️ Длительность трека #163: 5:29
[08-Nov-2025 11:33:58 Europe/Kyiv] ✅ ffprobe: длительность = 394 сек
[08-Nov-2025 11:33:58 Europe/Kyiv] ⏱️ Длительность трека #165: 6:34
[08-Nov-2025 11:34:31 Europe/Kyiv] ✅ ffprobe: длительность = 367 сек
[08-Nov-2025 11:34:31 Europe/Kyiv] ⏱️ Длительность трека #166: 6:07
[08-Nov-2025 11:34:53 Europe/Kyiv] ✅ ffprobe: длительность = 323 сек
[08-Nov-2025 11:34:53 Europe/Kyiv] ⏱️ Длительность трека #167: 5:23
[08-Nov-2025 11:35:12 Europe/Kyiv] ✅ ffprobe: длительность = 344 сек
[08-Nov-2025 11:35:12 Europe/Kyiv] ⏱️ Длительность трека #169: 5:44
